#
# There is insufficient memory for the Java Runtime Environment to continue.
# Native memory allocation (malloc) failed to allocate 1859696 bytes for Chunk::new
# Possible reasons:
#   The system is out of physical RAM or swap space
#   The process is running with CompressedOops enabled, and the Java Heap may be blocking the growth of the native heap
# Possible solutions:
#   Reduce memory load on the system
#   Increase physical memory or swap space
#   Check if swap backing store is full
#   Decrease Java heap size (-Xmx/-Xms)
#   Decrease number of Java threads
#   Decrease Java thread stack sizes (-Xss)
#   Set larger code cache with -XX:ReservedCodeCacheSize=
#   JVM is running with Unscaled Compressed Oops mode in which the Java heap is
#     placed in the first 4GB address space. The Java Heap base address is the
#     maximum limit for the native heap growth. Please use -XX:HeapBaseMinAddress
#     to set the Java Heap base and to place the Java Heap above 4GB virtual address.
# This output file may be truncated or incomplete.
#
#  Out of Memory Error (arena.cpp:189), pid=9600, tid=12304
#
# JRE version: OpenJDK Runtime Environment (17.0.7) (build 17.0.7+0-b2043.56-10550314)
# Java VM: OpenJDK 64-Bit Server VM (17.0.7+0-b2043.56-10550314, mixed mode, tiered, compressed oops, compressed class ptrs, g1 gc, windows-amd64)
# No core dump will be written. Minidumps are not enabled by default on client versions of Windows
#

---------------  S U M M A R Y ------------

Command Line: --add-opens=java.base/java.util=ALL-UNNAMED --add-opens=java.base/java.lang=ALL-UNNAMED --add-opens=java.base/java.lang.invoke=ALL-UNNAMED --add-opens=java.prefs/java.util.prefs=ALL-UNNAMED --add-opens=java.base/java.nio.charset=ALL-UNNAMED --add-opens=java.base/java.net=ALL-UNNAMED --add-opens=java.base/java.util.concurrent.atomic=ALL-UNNAMED -Xmx2048m -Dfile.encoding=UTF-8 -Duser.country=IN -Duser.language=en -Duser.variant org.gradle.launcher.daemon.bootstrap.GradleDaemon 8.0

Host: 11th Gen Intel(R) Core(TM) i5-1135G7 @ 2.40GHz, 8 cores, 7G,  Windows 11 , 64 bit Build 22621 (10.0.22621.2506)
Time: Wed May  8 11:27:39 2024 India Standard Time elapsed time: 18.651064 seconds (0d 0h 0m 18s)

---------------  T H R E A D  ---------------

Current thread (0x0000027a482f7bf0):  JavaThread "C2 CompilerThread0" daemon [_thread_in_native, id=12304, stack(0x000000cf90800000,0x000000cf90900000)]


Current CompileTask:
C2:  18667 4181   !   4       java.net.URLClassLoader::findClass (47 bytes)

Stack: [0x000000cf90800000,0x000000cf90900000]
Native frames: (J=compiled Java code, j=interpreted, Vv=VM code, C=native code)
V  [jvm.dll+0x683bfa]
V  [jvm.dll+0x8430a4]
V  [jvm.dll+0x8449be]
V  [jvm.dll+0x845023]
V  [jvm.dll+0x24ad2f]
V  [jvm.dll+0xac25c]
V  [jvm.dll+0xac82c]
V  [jvm.dll+0x36a132]
V  [jvm.dll+0x334821]
V  [jvm.dll+0x333cca]
V  [jvm.dll+0x21d251]
V  [jvm.dll+0x21c671]
V  [jvm.dll+0x1a605d]
V  [jvm.dll+0x22c148]
V  [jvm.dll+0x22a209]
V  [jvm.dll+0x7f858c]
V  [jvm.dll+0x7f2aea]
V  [jvm.dll+0x682a35]
C  [ucrtbase.dll+0x29363]
C  [KERNEL32.DLL+0x1257d]
C  [ntdll.dll+0x5aa58]


---------------  P R O C E S S  ---------------

Threads class SMR info:
_java_thread_list=0x0000027a4d46bf90, length=42, elements={
0x0000027a2e3091d0, 0x0000027a4817cc30, 0x0000027a4817df80, 0x0000027a482ef4c0,
0x0000027a482f0070, 0x0000027a482f4b40, 0x0000027a482f5ea0, 0x0000027a482f7bf0,
0x0000027a482f96a0, 0x0000027a483042c0, 0x0000027a48473450, 0x0000027a48475db0,
0x0000027a4dfce870, 0x0000027a4e5fd780, 0x0000027a4d358b90, 0x0000027a4dca6bf0,
0x0000027a4e28a430, 0x0000027a4d138580, 0x0000027a4d9dc290, 0x0000027a4e1e9070,
0x0000027a4e1e9540, 0x0000027a4e1e7860, 0x0000027a4e1e9a10, 0x0000027a4e1e86d0,
0x0000027a4e1e6ec0, 0x0000027a4e1e7d30, 0x0000027a4e1e8ba0, 0x0000027a4e1e8200,
0x0000027a4e1e6050, 0x0000027a4e1e6520, 0x0000027a4e1e69f0, 0x0000027a4e1e7390,
0x0000027a4eba2fe0, 0x0000027a4eba1ca0, 0x0000027a4eba1300, 0x0000027a4eba17d0,
0x0000027a4eba2170, 0x0000027a4eba34b0, 0x0000027a4eba2640, 0x0000027a4eba2b10,
0x0000027a4eba3980, 0x0000027a4fc229b0
}

Java Threads: ( => current thread )
  0x0000027a2e3091d0 JavaThread "main" [_thread_blocked, id=11676, stack(0x000000cf8fb00000,0x000000cf8fc00000)]
  0x0000027a4817cc30 JavaThread "Reference Handler" daemon [_thread_blocked, id=10036, stack(0x000000cf90200000,0x000000cf90300000)]
  0x0000027a4817df80 JavaThread "Finalizer" daemon [_thread_blocked, id=13208, stack(0x000000cf90300000,0x000000cf90400000)]
  0x0000027a482ef4c0 JavaThread "Signal Dispatcher" daemon [_thread_blocked, id=5472, stack(0x000000cf90400000,0x000000cf90500000)]
  0x0000027a482f0070 JavaThread "Attach Listener" daemon [_thread_blocked, id=7172, stack(0x000000cf90500000,0x000000cf90600000)]
  0x0000027a482f4b40 JavaThread "Service Thread" daemon [_thread_blocked, id=11700, stack(0x000000cf90600000,0x000000cf90700000)]
  0x0000027a482f5ea0 JavaThread "Monitor Deflation Thread" daemon [_thread_blocked, id=12472, stack(0x000000cf90700000,0x000000cf90800000)]
=>0x0000027a482f7bf0 JavaThread "C2 CompilerThread0" daemon [_thread_in_native, id=12304, stack(0x000000cf90800000,0x000000cf90900000)]
  0x0000027a482f96a0 JavaThread "C1 CompilerThread0" daemon [_thread_blocked, id=8472, stack(0x000000cf90900000,0x000000cf90a00000)]
  0x0000027a483042c0 JavaThread "Sweeper thread" daemon [_thread_blocked, id=9396, stack(0x000000cf90a00000,0x000000cf90b00000)]
  0x0000027a48473450 JavaThread "Common-Cleaner" daemon [_thread_blocked, id=12900, stack(0x000000cf90b00000,0x000000cf90c00000)]
  0x0000027a48475db0 JavaThread "Notification Thread" daemon [_thread_blocked, id=8284, stack(0x000000cf90c00000,0x000000cf90d00000)]
  0x0000027a4dfce870 JavaThread "Daemon health stats" [_thread_blocked, id=11248, stack(0x000000cf90e00000,0x000000cf90f00000)]
  0x0000027a4e5fd780 JavaThread "Incoming local TCP Connector on port 55831" [_thread_in_native, id=5296, stack(0x000000cf91300000,0x000000cf91400000)]
  0x0000027a4d358b90 JavaThread "Daemon periodic checks" [_thread_blocked, id=7696, stack(0x000000cf91400000,0x000000cf91500000)]
  0x0000027a4dca6bf0 JavaThread "Daemon" [_thread_blocked, id=7712, stack(0x000000cf91500000,0x000000cf91600000)]
  0x0000027a4e28a430 JavaThread "Handler for socket connection from /127.0.0.1:55831 to /127.0.0.1:55832" [_thread_in_native, id=10912, stack(0x000000cf91600000,0x000000cf91700000)]
  0x0000027a4d138580 JavaThread "Cancel handler" [_thread_blocked, id=2016, stack(0x000000cf91800000,0x000000cf91900000)]
  0x0000027a4d9dc290 JavaThread "Daemon worker" [_thread_in_vm, id=3560, stack(0x000000cf91900000,0x000000cf91a00000)]
  0x0000027a4e1e9070 JavaThread "Asynchronous log dispatcher for DefaultDaemonConnection: socket connection from /127.0.0.1:55831 to /127.0.0.1:55832" [_thread_blocked, id=3892, stack(0x000000cf91a00000,0x000000cf91b00000)]
  0x0000027a4e1e9540 JavaThread "Stdin handler" [_thread_blocked, id=13772, stack(0x000000cf91b00000,0x000000cf91c00000)]
  0x0000027a4e1e7860 JavaThread "Daemon client event forwarder" [_thread_blocked, id=14260, stack(0x000000cf91c00000,0x000000cf91d00000)]
  0x0000027a4e1e9a10 JavaThread "Cache worker for journal cache (C:\Users\pintu\.gradle\caches\journal-1)" [_thread_blocked, id=5416, stack(0x000000cf92000000,0x000000cf92100000)]
  0x0000027a4e1e86d0 JavaThread "File lock request listener" [_thread_in_native, id=9820, stack(0x000000cf92100000,0x000000cf92200000)]
  0x0000027a4e1e6ec0 JavaThread "Cache worker for file hash cache (C:\Users\pintu\.gradle\caches\8.0\fileHashes)" [_thread_blocked, id=9340, stack(0x000000cf92200000,0x000000cf92300000)]
  0x0000027a4e1e7d30 JavaThread "File watcher server" daemon [_thread_in_native, id=12096, stack(0x000000cf92400000,0x000000cf92500000)]
  0x0000027a4e1e8ba0 JavaThread "File watcher consumer" daemon [_thread_blocked, id=12736, stack(0x000000cf92500000,0x000000cf92600000)]
  0x0000027a4e1e8200 JavaThread "jar transforms" [_thread_blocked, id=9344, stack(0x000000cf92600000,0x000000cf92700000)]
  0x0000027a4e1e6050 JavaThread "jar transforms Thread 2" [_thread_blocked, id=8632, stack(0x000000cf92700000,0x000000cf92800000)]
  0x0000027a4e1e6520 JavaThread "jar transforms Thread 3" [_thread_blocked, id=11660, stack(0x000000cf92800000,0x000000cf92900000)]
  0x0000027a4e1e69f0 JavaThread "jar transforms Thread 4" [_thread_blocked, id=14012, stack(0x000000cf92900000,0x000000cf92a00000)]
  0x0000027a4e1e7390 JavaThread "jar transforms Thread 5" [_thread_blocked, id=10612, stack(0x000000cf92a00000,0x000000cf92b00000)]
  0x0000027a4eba2fe0 JavaThread "jar transforms Thread 6" [_thread_blocked, id=10452, stack(0x000000cf92b00000,0x000000cf92c00000)]
  0x0000027a4eba1ca0 JavaThread "jar transforms Thread 7" [_thread_blocked, id=8024, stack(0x000000cf92c00000,0x000000cf92d00000)]
  0x0000027a4eba1300 JavaThread "jar transforms Thread 8" [_thread_blocked, id=1796, stack(0x000000cf92d00000,0x000000cf92e00000)]
  0x0000027a4eba17d0 JavaThread "Cache worker for checksums cache (D:\Android folder\Android  Project 2\.gradle\8.0\checksums)" [_thread_blocked, id=628, stack(0x000000cf92300000,0x000000cf92400000)]
  0x0000027a4eba2170 JavaThread "Cache worker for cache directory md-rule (C:\Users\pintu\.gradle\caches\8.0\md-rule)" [_thread_blocked, id=3260, stack(0x000000cf92e00000,0x000000cf92f00000)]
  0x0000027a4eba34b0 JavaThread "Cache worker for file content cache (C:\Users\pintu\.gradle\caches\8.0\fileContent)" [_thread_blocked, id=1204, stack(0x000000cf92f00000,0x000000cf93000000)]
  0x0000027a4eba2640 JavaThread "Cache worker for file hash cache (D:\Android folder\Android  Project 2\.gradle\8.0\fileHashes)" [_thread_blocked, id=8852, stack(0x000000cf93100000,0x000000cf93200000)]
  0x0000027a4eba2b10 JavaThread "Cache worker for cache directory md-supplier (C:\Users\pintu\.gradle\caches\8.0\md-supplier)" [_thread_blocked, id=11152, stack(0x000000cf93200000,0x000000cf93300000)]
  0x0000027a4eba3980 JavaThread "Cache worker for execution history cache (C:\Users\pintu\.gradle\caches\8.0\executionHistory)" [_thread_blocked, id=8360, stack(0x000000cf93300000,0x000000cf93400000)]
  0x0000027a4fc229b0 JavaThread "C2 CompilerThread1" daemon [_thread_in_native, id=9664, stack(0x000000cf93000000,0x000000cf93100000)]

Other Threads:
  0x0000027a4816b950 VMThread "VM Thread" [stack: 0x000000cf90100000,0x000000cf90200000] [id=7084]
  0x0000027a2e3922c0 WatcherThread [stack: 0x000000cf90d00000,0x000000cf90e00000] [id=7888]
  0x0000027a2e3695e0 GCTaskThread "GC Thread#0" [stack: 0x000000cf8fc00000,0x000000cf8fd00000] [id=6624]
  0x0000027a4d0a0030 GCTaskThread "GC Thread#1" [stack: 0x000000cf90f00000,0x000000cf91000000] [id=12344]
  0x0000027a4d398ff0 GCTaskThread "GC Thread#2" [stack: 0x000000cf91000000,0x000000cf91100000] [id=14152]
  0x0000027a4d15b2a0 GCTaskThread "GC Thread#3" [stack: 0x000000cf91100000,0x000000cf91200000] [id=6084]
  0x0000027a487babd0 GCTaskThread "GC Thread#4" [stack: 0x000000cf91200000,0x000000cf91300000] [id=3340]
  0x0000027a4e212d40 GCTaskThread "GC Thread#5" [stack: 0x000000cf91700000,0x000000cf91800000] [id=12956]
  0x0000027a4d359060 GCTaskThread "GC Thread#6" [stack: 0x000000cf91d00000,0x000000cf91e00000] [id=10168]
  0x0000027a4d321000 GCTaskThread "GC Thread#7" [stack: 0x000000cf91e00000,0x000000cf91f00000] [id=13380]
  0x0000027a2e37a520 ConcurrentGCThread "G1 Main Marker" [stack: 0x000000cf8fd00000,0x000000cf8fe00000] [id=14176]
  0x0000027a2e37af30 ConcurrentGCThread "G1 Conc#0" [stack: 0x000000cf8fe00000,0x000000cf8ff00000] [id=3460]
  0x0000027a4da3b080 ConcurrentGCThread "G1 Conc#1" [stack: 0x000000cf91f00000,0x000000cf92000000] [id=8732]
  0x0000027a2e3cdf40 ConcurrentGCThread "G1 Refine#0" [stack: 0x000000cf8ff00000,0x000000cf90000000] [id=3324]
  0x0000027a2e3ce960 ConcurrentGCThread "G1 Service" [stack: 0x000000cf90000000,0x000000cf90100000] [id=13976]

Threads with active compile tasks:
C2 CompilerThread0    18849 4181   !   4       java.net.URLClassLoader::findClass (47 bytes)
C2 CompilerThread1    18849 4322       4       java.lang.Class::getMethodsRecursive (99 bytes)
C2 CompilerThread2    18849 4336       4       groovy.lang.MetaClassImpl$1MOPIter::methodNameAction (325 bytes)

VM state: not at safepoint (normal execution)

VM Mutex/Monitor currently owned by a thread: None

Heap address: 0x0000000080000000, size: 2048 MB, Compressed Oops mode: 32-bit

CDS archive(s) not mapped
Compressed class space mapped at: 0x0000000100000000-0x0000000140000000, reserved size: 1073741824
Narrow klass base: 0x0000000000000000, Narrow klass shift: 3, Narrow klass range: 0x140000000

GC Precious Log:
 CPUs: 8 total, 8 available
 Memory: 7926M
 Large Page Support: Disabled
 NUMA Support: Disabled
 Compressed Oops: Enabled (32-bit)
 Heap Region Size: 1M
 Heap Min Capacity: 8M
 Heap Initial Capacity: 124M
 Heap Max Capacity: 2G
 Pre-touch: Disabled
 Parallel Workers: 8
 Concurrent Workers: 2
 Concurrent Refinement Workers: 8
 Periodic GC: Disabled

Heap:
 garbage-first heap   total 106496K, used 87784K [0x0000000080000000, 0x0000000100000000)
  region size 1024K, 26 young (26624K), 2 survivors (2048K)
 Metaspace       used 48766K, committed 49280K, reserved 1114112K
  class space    used 6388K, committed 6592K, reserved 1048576K

Heap Regions: E=young(eden), S=young(survivor), O=old, HS=humongous(starts), HC=humongous(continues), CS=collection set, F=free, OA=open archive, CA=closed archive, TAMS=top-at-mark-start (previous, next)
|   0|0x0000000080000000, 0x0000000080100000, 0x0000000080100000|100%|HS|  |TAMS 0x0000000080100000, 0x0000000080000000| Complete 
|   1|0x0000000080100000, 0x0000000080200000, 0x0000000080200000|100%|HC|  |TAMS 0x0000000080200000, 0x0000000080100000| Complete 
|   2|0x0000000080200000, 0x0000000080300000, 0x0000000080300000|100%|HC|  |TAMS 0x0000000080300000, 0x0000000080200000| Complete 
|   3|0x0000000080300000, 0x0000000080400000, 0x0000000080400000|100%|HC|  |TAMS 0x0000000080400000, 0x0000000080300000| Complete 
|   4|0x0000000080400000, 0x0000000080500000, 0x0000000080500000|100%| O|  |TAMS 0x0000000080500000, 0x0000000080400000| Untracked 
|   5|0x0000000080500000, 0x0000000080600000, 0x0000000080600000|100%| O|  |TAMS 0x0000000080600000, 0x0000000080500000| Untracked 
|   6|0x0000000080600000, 0x0000000080700000, 0x0000000080700000|100%| O|  |TAMS 0x0000000080700000, 0x0000000080600000| Untracked 
|   7|0x0000000080700000, 0x0000000080800000, 0x0000000080800000|100%| O|  |TAMS 0x0000000080800000, 0x0000000080700000| Untracked 
|   8|0x0000000080800000, 0x0000000080900000, 0x0000000080900000|100%| O|  |TAMS 0x0000000080900000, 0x0000000080800000| Untracked 
|   9|0x0000000080900000, 0x0000000080a00000, 0x0000000080a00000|100%| O|  |TAMS 0x0000000080a00000, 0x0000000080900000| Untracked 
|  10|0x0000000080a00000, 0x0000000080b00000, 0x0000000080b00000|100%| O|  |TAMS 0x0000000080b00000, 0x0000000080a00000| Untracked 
|  11|0x0000000080b00000, 0x0000000080c00000, 0x0000000080c00000|100%| O|  |TAMS 0x0000000080c00000, 0x0000000080b00000| Untracked 
|  12|0x0000000080c00000, 0x0000000080d00000, 0x0000000080d00000|100%| O|  |TAMS 0x0000000080d00000, 0x0000000080c00000| Untracked 
|  13|0x0000000080d00000, 0x0000000080e00000, 0x0000000080e00000|100%| O|  |TAMS 0x0000000080e00000, 0x0000000080d00000| Untracked 
|  14|0x0000000080e00000, 0x0000000080f00000, 0x0000000080f00000|100%| O|  |TAMS 0x0000000080f00000, 0x0000000080e00000| Untracked 
|  15|0x0000000080f00000, 0x0000000081000000, 0x0000000081000000|100%| O|  |TAMS 0x0000000081000000, 0x0000000080f00000| Untracked 
|  16|0x0000000081000000, 0x0000000081100000, 0x0000000081100000|100%| O|  |TAMS 0x0000000081100000, 0x0000000081000000| Untracked 
|  17|0x0000000081100000, 0x0000000081200000, 0x0000000081200000|100%| O|  |TAMS 0x0000000081200000, 0x0000000081100000| Untracked 
|  18|0x0000000081200000, 0x0000000081300000, 0x0000000081300000|100%| O|  |TAMS 0x0000000081300000, 0x0000000081200000| Untracked 
|  19|0x0000000081300000, 0x0000000081400000, 0x0000000081400000|100%| O|  |TAMS 0x0000000081400000, 0x0000000081300000| Untracked 
|  20|0x0000000081400000, 0x0000000081500000, 0x0000000081500000|100%|HS|  |TAMS 0x0000000081500000, 0x0000000081400000| Complete 
|  21|0x0000000081500000, 0x0000000081600000, 0x0000000081600000|100%|HC|  |TAMS 0x0000000081600000, 0x0000000081500000| Complete 
|  22|0x0000000081600000, 0x0000000081700000, 0x0000000081700000|100%|HS|  |TAMS 0x0000000081700000, 0x0000000081600000| Complete 
|  23|0x0000000081700000, 0x0000000081800000, 0x0000000081800000|100%|HC|  |TAMS 0x0000000081800000, 0x0000000081700000| Complete 
|  24|0x0000000081800000, 0x0000000081900000, 0x0000000081900000|100%|HC|  |TAMS 0x0000000081900000, 0x0000000081800000| Complete 
|  25|0x0000000081900000, 0x0000000081a00000, 0x0000000081a00000|100%| O|  |TAMS 0x0000000081a00000, 0x0000000081900000| Untracked 
|  26|0x0000000081a00000, 0x0000000081b00000, 0x0000000081b00000|100%| O|  |TAMS 0x0000000081b00000, 0x0000000081a00000| Untracked 
|  27|0x0000000081b00000, 0x0000000081c00000, 0x0000000081c00000|100%| O|  |TAMS 0x0000000081c00000, 0x0000000081b00000| Untracked 
|  28|0x0000000081c00000, 0x0000000081d00000, 0x0000000081d00000|100%|HS|  |TAMS 0x0000000081d00000, 0x0000000081c00000| Complete 
|  29|0x0000000081d00000, 0x0000000081e00000, 0x0000000081e00000|100%|HC|  |TAMS 0x0000000081e00000, 0x0000000081d00000| Complete 
|  30|0x0000000081e00000, 0x0000000081f00000, 0x0000000081f00000|100%| O|  |TAMS 0x0000000081f00000, 0x0000000081e00000| Untracked 
|  31|0x0000000081f00000, 0x0000000082000000, 0x0000000082000000|100%| O|  |TAMS 0x0000000082000000, 0x0000000081f00000| Untracked 
|  32|0x0000000082000000, 0x0000000082100000, 0x0000000082100000|100%|HS|  |TAMS 0x0000000082100000, 0x0000000082000000| Complete 
|  33|0x0000000082100000, 0x0000000082200000, 0x0000000082200000|100%|HC|  |TAMS 0x0000000082200000, 0x0000000082100000| Complete 
|  34|0x0000000082200000, 0x0000000082300000, 0x0000000082300000|100%|HC|  |TAMS 0x0000000082300000, 0x0000000082200000| Complete 
|  35|0x0000000082300000, 0x0000000082400000, 0x0000000082400000|100%|HC|  |TAMS 0x0000000082400000, 0x0000000082300000| Complete 
|  36|0x0000000082400000, 0x0000000082500000, 0x0000000082500000|100%|HC|  |TAMS 0x0000000082500000, 0x0000000082400000| Complete 
|  37|0x0000000082500000, 0x0000000082600000, 0x0000000082600000|100%|HC|  |TAMS 0x0000000082600000, 0x0000000082500000| Complete 
|  38|0x0000000082600000, 0x0000000082700000, 0x0000000082700000|100%|HC|  |TAMS 0x0000000082700000, 0x0000000082600000| Complete 
|  39|0x0000000082700000, 0x0000000082800000, 0x0000000082800000|100%|HC|  |TAMS 0x0000000082800000, 0x0000000082700000| Complete 
|  40|0x0000000082800000, 0x0000000082900000, 0x0000000082900000|100%|HC|  |TAMS 0x0000000082900000, 0x0000000082800000| Complete 
|  41|0x0000000082900000, 0x0000000082a00000, 0x0000000082a00000|100%|HC|  |TAMS 0x0000000082a00000, 0x0000000082900000| Complete 
|  42|0x0000000082a00000, 0x0000000082b00000, 0x0000000082b00000|100%|HC|  |TAMS 0x0000000082b00000, 0x0000000082a00000| Complete 
|  43|0x0000000082b00000, 0x0000000082c00000, 0x0000000082c00000|100%|HC|  |TAMS 0x0000000082c00000, 0x0000000082b00000| Complete 
|  44|0x0000000082c00000, 0x0000000082d00000, 0x0000000082d00000|100%|HS|  |TAMS 0x0000000082c00000, 0x0000000082c00000| Complete 
|  45|0x0000000082d00000, 0x0000000082e00000, 0x0000000082e00000|100%|HS|  |TAMS 0x0000000082e00000, 0x0000000082d00000| Complete 
|  46|0x0000000082e00000, 0x0000000082f00000, 0x0000000082f00000|100%|HC|  |TAMS 0x0000000082f00000, 0x0000000082e00000| Complete 
|  47|0x0000000082f00000, 0x0000000083000000, 0x0000000083000000|100%| O|  |TAMS 0x0000000083000000, 0x0000000082f00000| Untracked 
|  48|0x0000000083000000, 0x0000000083100000, 0x0000000083100000|100%| O|  |TAMS 0x0000000083100000, 0x0000000083000000| Untracked 
|  49|0x0000000083100000, 0x0000000083200000, 0x0000000083200000|100%| O|  |TAMS 0x0000000083200000, 0x0000000083100000| Untracked 
|  50|0x0000000083200000, 0x0000000083300000, 0x0000000083300000|100%| O|  |TAMS 0x0000000083300000, 0x0000000083200000| Complete 
|  51|0x0000000083300000, 0x0000000083400000, 0x0000000083400000|100%| O|  |TAMS 0x0000000083400000, 0x0000000083300000| Untracked 
|  52|0x0000000083400000, 0x0000000083500000, 0x0000000083500000|100%| O|  |TAMS 0x0000000083500000, 0x0000000083400000| Untracked 
|  53|0x0000000083500000, 0x0000000083600000, 0x0000000083600000|100%| O|  |TAMS 0x0000000083600000, 0x0000000083500000| Untracked 
|  54|0x0000000083600000, 0x0000000083700000, 0x0000000083700000|100%| O|  |TAMS 0x0000000083700000, 0x0000000083600000| Untracked 
|  55|0x0000000083700000, 0x0000000083800000, 0x0000000083800000|100%| O|  |TAMS 0x0000000083800000, 0x0000000083700000| Untracked 
|  56|0x0000000083800000, 0x0000000083900000, 0x0000000083900000|100%| O|  |TAMS 0x0000000083900000, 0x0000000083800000| Untracked 
|  57|0x0000000083900000, 0x0000000083927000, 0x0000000083a00000| 15%| O|  |TAMS 0x0000000083927000, 0x0000000083900000| Untracked 
|  58|0x0000000083a00000, 0x0000000083b00000, 0x0000000083b00000|100%|HS|  |TAMS 0x0000000083a00000, 0x0000000083a00000| Complete 
|  59|0x0000000083b00000, 0x0000000083c00000, 0x0000000083c00000|100%|HC|  |TAMS 0x0000000083b00000, 0x0000000083b00000| Complete 
|  60|0x0000000083c00000, 0x0000000083d00000, 0x0000000083d00000|100%|HS|  |TAMS 0x0000000083c00000, 0x0000000083c00000| Complete 
|  61|0x0000000083d00000, 0x0000000083e00000, 0x0000000083e00000|100%|HC|  |TAMS 0x0000000083d00000, 0x0000000083d00000| Complete 
|  62|0x0000000083e00000, 0x0000000083f00000, 0x0000000083f00000|100%|HC|  |TAMS 0x0000000083e00000, 0x0000000083e00000| Complete 
|  63|0x0000000083f00000, 0x0000000083f00000, 0x0000000084000000|  0%| F|  |TAMS 0x0000000083f00000, 0x0000000083f00000| Untracked 
|  64|0x0000000084000000, 0x0000000084000000, 0x0000000084100000|  0%| F|  |TAMS 0x0000000084000000, 0x0000000084000000| Untracked 
|  65|0x0000000084100000, 0x0000000084100000, 0x0000000084200000|  0%| F|  |TAMS 0x0000000084100000, 0x0000000084100000| Untracked 
|  66|0x0000000084200000, 0x0000000084200000, 0x0000000084300000|  0%| F|  |TAMS 0x0000000084200000, 0x0000000084200000| Untracked 
|  67|0x0000000084300000, 0x0000000084300000, 0x0000000084400000|  0%| F|  |TAMS 0x0000000084300000, 0x0000000084300000| Untracked 
|  68|0x0000000084400000, 0x0000000084400000, 0x0000000084500000|  0%| F|  |TAMS 0x0000000084400000, 0x0000000084400000| Untracked 
|  69|0x0000000084500000, 0x0000000084500000, 0x0000000084600000|  0%| F|  |TAMS 0x0000000084500000, 0x0000000084500000| Untracked 
|  70|0x0000000084600000, 0x0000000084600000, 0x0000000084700000|  0%| F|  |TAMS 0x0000000084600000, 0x0000000084600000| Untracked 
|  71|0x0000000084700000, 0x0000000084700000, 0x0000000084800000|  0%| F|  |TAMS 0x0000000084700000, 0x0000000084700000| Untracked 
|  72|0x0000000084800000, 0x0000000084800000, 0x0000000084900000|  0%| F|  |TAMS 0x0000000084800000, 0x0000000084800000| Untracked 
|  73|0x0000000084900000, 0x0000000084900000, 0x0000000084a00000|  0%| F|  |TAMS 0x0000000084900000, 0x0000000084900000| Untracked 
|  74|0x0000000084a00000, 0x0000000084a00000, 0x0000000084b00000|  0%| F|  |TAMS 0x0000000084a00000, 0x0000000084a00000| Untracked 
|  75|0x0000000084b00000, 0x0000000084b00000, 0x0000000084c00000|  0%| F|  |TAMS 0x0000000084b00000, 0x0000000084b00000| Untracked 
|  76|0x0000000084c00000, 0x0000000084c00000, 0x0000000084d00000|  0%| F|  |TAMS 0x0000000084c00000, 0x0000000084c00000| Untracked 
|  77|0x0000000084d00000, 0x0000000084d7dea0, 0x0000000084e00000| 49%| E|  |TAMS 0x0000000084d00000, 0x0000000084d00000| Complete 
|  78|0x0000000084e00000, 0x0000000084f00000, 0x0000000084f00000|100%| E|CS|TAMS 0x0000000084e00000, 0x0000000084e00000| Complete 
|  79|0x0000000084f00000, 0x0000000085000000, 0x0000000085000000|100%| E|CS|TAMS 0x0000000084f00000, 0x0000000084f00000| Complete 
|  80|0x0000000085000000, 0x0000000085100000, 0x0000000085100000|100%| E|CS|TAMS 0x0000000085000000, 0x0000000085000000| Complete 
|  81|0x0000000085100000, 0x0000000085200000, 0x0000000085200000|100%| E|CS|TAMS 0x0000000085100000, 0x0000000085100000| Complete 
|  82|0x0000000085200000, 0x0000000085300000, 0x0000000085300000|100%| E|CS|TAMS 0x0000000085200000, 0x0000000085200000| Complete 
|  83|0x0000000085300000, 0x0000000085400000, 0x0000000085400000|100%| E|CS|TAMS 0x0000000085300000, 0x0000000085300000| Complete 
|  84|0x0000000085400000, 0x0000000085500000, 0x0000000085500000|100%| E|CS|TAMS 0x0000000085400000, 0x0000000085400000| Complete 
|  85|0x0000000085500000, 0x0000000085600000, 0x0000000085600000|100%| E|CS|TAMS 0x0000000085500000, 0x0000000085500000| Complete 
|  86|0x0000000085600000, 0x0000000085700000, 0x0000000085700000|100%| E|CS|TAMS 0x0000000085600000, 0x0000000085600000| Complete 
|  87|0x0000000085700000, 0x0000000085800000, 0x0000000085800000|100%| E|CS|TAMS 0x0000000085700000, 0x0000000085700000| Complete 
|  88|0x0000000085800000, 0x0000000085900000, 0x0000000085900000|100%| E|CS|TAMS 0x0000000085800000, 0x0000000085800000| Complete 
|  89|0x0000000085900000, 0x0000000085a00000, 0x0000000085a00000|100%| E|  |TAMS 0x0000000085900000, 0x0000000085900000| Complete 
|  90|0x0000000085a00000, 0x0000000085a93360, 0x0000000085b00000| 57%| S|CS|TAMS 0x0000000085a00000, 0x0000000085a00000| Complete 
|  91|0x0000000085b00000, 0x0000000085c00000, 0x0000000085c00000|100%| S|CS|TAMS 0x0000000085b00000, 0x0000000085b00000| Complete 
|  92|0x0000000085c00000, 0x0000000085d00000, 0x0000000085d00000|100%| E|CS|TAMS 0x0000000085c00000, 0x0000000085c00000| Complete 
|  93|0x0000000085d00000, 0x0000000085e00000, 0x0000000085e00000|100%| E|CS|TAMS 0x0000000085d00000, 0x0000000085d00000| Complete 
|  94|0x0000000085e00000, 0x0000000085f00000, 0x0000000085f00000|100%| E|CS|TAMS 0x0000000085e00000, 0x0000000085e00000| Complete 
|  95|0x0000000085f00000, 0x0000000086000000, 0x0000000086000000|100%| E|CS|TAMS 0x0000000085f00000, 0x0000000085f00000| Complete 
|  96|0x0000000086000000, 0x0000000086100000, 0x0000000086100000|100%| E|CS|TAMS 0x0000000086000000, 0x0000000086000000| Complete 
|  97|0x0000000086100000, 0x0000000086200000, 0x0000000086200000|100%| E|CS|TAMS 0x0000000086100000, 0x0000000086100000| Complete 
|  98|0x0000000086200000, 0x0000000086300000, 0x0000000086300000|100%| E|CS|TAMS 0x0000000086200000, 0x0000000086200000| Complete 
|  99|0x0000000086300000, 0x0000000086400000, 0x0000000086400000|100%| E|CS|TAMS 0x0000000086300000, 0x0000000086300000| Complete 
| 100|0x0000000086400000, 0x0000000086500000, 0x0000000086500000|100%| E|CS|TAMS 0x0000000086400000, 0x0000000086400000| Complete 
| 101|0x0000000086500000, 0x0000000086600000, 0x0000000086600000|100%| E|CS|TAMS 0x0000000086500000, 0x0000000086500000| Complete 
| 122|0x0000000087a00000, 0x0000000087b00000, 0x0000000087b00000|100%| E|CS|TAMS 0x0000000087a00000, 0x0000000087a00000| Complete 
| 123|0x0000000087b00000, 0x0000000087c00000, 0x0000000087c00000|100%| E|CS|TAMS 0x0000000087b00000, 0x0000000087b00000| Complete 

Card table byte_map: [0x0000027a40f10000,0x0000027a41310000] _byte_map_base: 0x0000027a40b10000

Marking Bits (Prev, Next): (CMBitMap*) 0x0000027a2e369bf0, (CMBitMap*) 0x0000027a2e369c30
 Prev Bits: [0x0000027a41710000, 0x0000027a43710000)
 Next Bits: [0x0000027a43710000, 0x0000027a45710000)

Polling page: 0x0000027a2c2c0000

Metaspace:

Usage:
  Non-class:     41.47 MB used.
      Class:      6.26 MB used.
       Both:     47.73 MB used.

Virtual space:
  Non-class space:       64.00 MB reserved,      41.75 MB ( 65%) committed,  1 nodes.
      Class space:        1.00 GB reserved,       6.50 MB ( <1%) committed,  1 nodes.
             Both:        1.06 GB reserved,      48.25 MB (  4%) committed. 

Chunk freelists:
   Non-Class:  6.13 MB
       Class:  9.35 MB
        Both:  15.49 MB

MaxMetaspaceSize: unlimited
CompressedClassSpaceSize: 1.00 GB
Initial GC threshold: 21.00 MB
Current GC threshold: 75.88 MB
CDS: off
MetaspaceReclaimPolicy: balanced
 - commit_granule_bytes: 65536.
 - commit_granule_words: 8192.
 - virtual_space_node_default_size: 8388608.
 - enlarge_chunks_in_place: 1.
 - new_chunks_are_fully_committed: 0.
 - uncommit_free_chunks: 1.
 - use_allocation_guard: 0.
 - handle_deallocations: 1.


Internal statistics:

num_allocs_failed_limit: 5.
num_arena_births: 524.
num_arena_deaths: 0.
num_vsnodes_births: 2.
num_vsnodes_deaths: 0.
num_space_committed: 772.
num_space_uncommitted: 0.
num_chunks_returned_to_freelist: 5.
num_chunks_taken_from_freelist: 2065.
num_chunk_merges: 5.
num_chunk_splits: 1331.
num_chunks_enlarged: 904.
num_inconsistent_stats: 0.

CodeHeap 'non-profiled nmethods': size=120000Kb used=2664Kb max_used=2664Kb free=117335Kb
 bounds [0x0000027a392b0000, 0x0000027a39550000, 0x0000027a407e0000]
CodeHeap 'profiled nmethods': size=120000Kb used=9258Kb max_used=9258Kb free=110741Kb
 bounds [0x0000027a317e0000, 0x0000027a320f0000, 0x0000027a38d10000]
CodeHeap 'non-nmethods': size=5760Kb used=2310Kb max_used=2342Kb free=3449Kb
 bounds [0x0000027a38d10000, 0x0000027a38f80000, 0x0000027a392b0000]
 total_blobs=5231 nmethods=4420 adapters=722
 compilation: enabled
              stopped_count=0, restarted_count=0
 full_count=0

Compilation events (20 events):
Event: 18.431 Thread 0x0000027a482f96a0 4274       3       com.google.common.collect.MapMakerInternalMap$StrongKeyWeakValueSegment::self (5 bytes)
Event: 18.431 Thread 0x0000027a482f96a0 nmethod 4274 0x0000027a32086910 code [0x0000027a32086aa0, 0x0000027a32086c18]
Event: 18.431 Thread 0x0000027a482f96a0 4275       3       com.google.common.collect.MapMakerInternalMap$StrongKeyWeakValueSegment::self (2 bytes)
Event: 18.431 Thread 0x0000027a482f96a0 nmethod 4275 0x0000027a32086d10 code [0x0000027a32086ea0, 0x0000027a32086fb8]
Event: 18.438 Thread 0x0000027a482f96a0 4276       3       com.google.common.collect.MapMakerInternalMap$Segment::getEntry (80 bytes)
Event: 18.439 Thread 0x0000027a482f96a0 nmethod 4276 0x0000027a32087090 code [0x0000027a32087340, 0x0000027a32088388]
Event: 18.448 Thread 0x0000027a482f96a0 4277       3       jdk.internal.jimage.BasicImageReader::verifyLocation (39 bytes)
Event: 18.448 Thread 0x0000027a482f96a0 nmethod 4277 0x0000027a32088810 code [0x0000027a320889e0, 0x0000027a32088ca8]
Event: 18.449 Thread 0x0000027a482f96a0 4278       3       java.lang.Character::isJavaIdentifierPart (9 bytes)
Event: 18.449 Thread 0x0000027a482f96a0 nmethod 4278 0x0000027a32088d90 code [0x0000027a32088f40, 0x0000027a32089138]
Event: 18.449 Thread 0x0000027a482f96a0 4279       3       java.lang.CharacterDataLatin1::isJavaIdentifierPart (20 bytes)
Event: 18.449 Thread 0x0000027a482f96a0 nmethod 4279 0x0000027a32089210 code [0x0000027a320893c0, 0x0000027a320895d8]
Event: 18.450 Thread 0x0000027a482f96a0 4280       3       sun.nio.fs.WindowsPath::getNameCount (10 bytes)
Event: 18.450 Thread 0x0000027a482f96a0 nmethod 4280 0x0000027a32089710 code [0x0000027a320898c0, 0x0000027a32089a08]
Event: 18.450 Thread 0x0000027a482f96a0 4281       1       com.google.common.collect.MapMakerInternalMap$AbstractStrongKeyEntry::getKey (5 bytes)
Event: 18.451 Thread 0x0000027a482f96a0 nmethod 4281 0x0000027a39542f90 code [0x0000027a39543120, 0x0000027a395431f8]
Event: 18.498 Thread 0x0000027a482f96a0 4282       3       java.lang.Class::arrayContentsEq (70 bytes)
Event: 18.499 Thread 0x0000027a482f96a0 nmethod 4282 0x0000027a32089b10 code [0x0000027a32089ce0, 0x0000027a3208a158]
Event: 18.501 Thread 0x0000027a482f96a0 4283       3       java.lang.reflect.AccessibleObject::slowVerifyAccess (67 bytes)
Event: 18.502 Thread 0x0000027a482f96a0 nmethod 4283 0x0000027a3208a290 code [0x0000027a3208a4a0, 0x0000027a3208ac08]

GC Heap History (20 events):
Event: 10.189 GC heap before
{Heap before GC invocations=8 (full 0):
 garbage-first heap   total 87040K, used 57064K [0x0000000080000000, 0x0000000100000000)
  region size 1024K, 12 young (12288K), 1 survivors (1024K)
 Metaspace       used 30814K, committed 31104K, reserved 1114112K
  class space    used 4201K, committed 4352K, reserved 1048576K
}
Event: 10.191 GC heap after
{Heap after GC invocations=9 (full 0):
 garbage-first heap   total 87040K, used 49086K [0x0000000080000000, 0x0000000100000000)
  region size 1024K, 2 young (2048K), 2 survivors (2048K)
 Metaspace       used 30814K, committed 31104K, reserved 1114112K
  class space    used 4201K, committed 4352K, reserved 1048576K
}
Event: 11.173 GC heap before
{Heap before GC invocations=9 (full 0):
 garbage-first heap   total 87040K, used 66494K [0x0000000080000000, 0x0000000100000000)
  region size 1024K, 19 young (19456K), 2 survivors (2048K)
 Metaspace       used 33145K, committed 33472K, reserved 1114112K
  class space    used 4590K, committed 4736K, reserved 1048576K
}
Event: 11.176 GC heap after
{Heap after GC invocations=10 (full 0):
 garbage-first heap   total 87040K, used 50621K [0x0000000080000000, 0x0000000100000000)
  region size 1024K, 1 young (1024K), 1 survivors (1024K)
 Metaspace       used 33145K, committed 33472K, reserved 1114112K
  class space    used 4590K, committed 4736K, reserved 1048576K
}
Event: 12.177 GC heap before
{Heap before GC invocations=11 (full 0):
 garbage-first heap   total 89088K, used 68029K [0x0000000080000000, 0x0000000100000000)
  region size 1024K, 18 young (18432K), 1 survivors (1024K)
 Metaspace       used 36168K, committed 36480K, reserved 1114112K
  class space    used 5057K, committed 5184K, reserved 1048576K
}
Event: 12.181 GC heap after
{Heap after GC invocations=12 (full 0):
 garbage-first heap   total 89088K, used 51638K [0x0000000080000000, 0x0000000100000000)
  region size 1024K, 2 young (2048K), 2 survivors (2048K)
 Metaspace       used 36168K, committed 36480K, reserved 1114112K
  class space    used 5057K, committed 5184K, reserved 1048576K
}
Event: 15.709 GC heap before
{Heap before GC invocations=12 (full 0):
 garbage-first heap   total 89088K, used 69046K [0x0000000080000000, 0x0000000100000000)
  region size 1024K, 20 young (20480K), 2 survivors (2048K)
 Metaspace       used 41544K, committed 41984K, reserved 1114112K
  class space    used 5576K, committed 5760K, reserved 1048576K
}
Event: 15.717 GC heap after
{Heap after GC invocations=13 (full 0):
 garbage-first heap   total 89088K, used 54461K [0x0000000080000000, 0x0000000100000000)
  region size 1024K, 3 young (3072K), 3 survivors (3072K)
 Metaspace       used 41544K, committed 41984K, reserved 1114112K
  class space    used 5576K, committed 5760K, reserved 1048576K
}
Event: 16.069 GC heap before
{Heap before GC invocations=14 (full 0):
 garbage-first heap   total 94208K, used 70845K [0x0000000080000000, 0x0000000100000000)
  region size 1024K, 19 young (19456K), 3 survivors (3072K)
 Metaspace       used 41779K, committed 42112K, reserved 1114112K
  class space    used 5593K, committed 5760K, reserved 1048576K
}
Event: 16.075 GC heap after
{Heap after GC invocations=15 (full 0):
 garbage-first heap   total 94208K, used 55972K [0x0000000080000000, 0x0000000100000000)
  region size 1024K, 2 young (2048K), 2 survivors (2048K)
 Metaspace       used 41779K, committed 42112K, reserved 1114112K
  class space    used 5593K, committed 5760K, reserved 1048576K
}
Event: 16.119 GC heap before
{Heap before GC invocations=15 (full 0):
 garbage-first heap   total 94208K, used 58020K [0x0000000080000000, 0x0000000100000000)
  region size 1024K, 4 young (4096K), 2 survivors (2048K)
 Metaspace       used 41845K, committed 42240K, reserved 1114112K
  class space    used 5599K, committed 5760K, reserved 1048576K
}
Event: 16.122 GC heap after
{Heap after GC invocations=16 (full 0):
 garbage-first heap   total 94208K, used 56379K [0x0000000080000000, 0x0000000100000000)
  region size 1024K, 1 young (1024K), 1 survivors (1024K)
 Metaspace       used 41845K, committed 42240K, reserved 1114112K
  class space    used 5599K, committed 5760K, reserved 1048576K
}
Event: 16.221 GC heap before
{Heap before GC invocations=16 (full 0):
 garbage-first heap   total 94208K, used 59451K [0x0000000080000000, 0x0000000100000000)
  region size 1024K, 6 young (6144K), 1 survivors (1024K)
 Metaspace       used 42204K, committed 42624K, reserved 1114112K
  class space    used 5637K, committed 5824K, reserved 1048576K
}
Event: 16.223 GC heap after
{Heap after GC invocations=17 (full 0):
 garbage-first heap   total 94208K, used 57262K [0x0000000080000000, 0x0000000100000000)
  region size 1024K, 2 young (2048K), 2 survivors (2048K)
 Metaspace       used 42204K, committed 42624K, reserved 1114112K
  class space    used 5637K, committed 5824K, reserved 1048576K
}
Event: 17.450 GC heap before
{Heap before GC invocations=18 (full 0):
 garbage-first heap   total 104448K, used 78766K [0x0000000080000000, 0x0000000100000000)
  region size 1024K, 20 young (20480K), 2 survivors (2048K)
 Metaspace       used 45150K, committed 45568K, reserved 1114112K
  class space    used 5983K, committed 6144K, reserved 1048576K
}
Event: 17.456 GC heap after
{Heap after GC invocations=19 (full 0):
 garbage-first heap   total 104448K, used 58070K [0x0000000080000000, 0x0000000100000000)
  region size 1024K, 3 young (3072K), 3 survivors (3072K)
 Metaspace       used 45150K, committed 45568K, reserved 1114112K
  class space    used 5983K, committed 6144K, reserved 1048576K
}
Event: 17.548 GC heap before
{Heap before GC invocations=19 (full 0):
 garbage-first heap   total 104448K, used 60118K [0x0000000080000000, 0x0000000100000000)
  region size 1024K, 5 young (5120K), 3 survivors (3072K)
 Metaspace       used 45461K, committed 45888K, reserved 1114112K
  class space    used 6024K, committed 6208K, reserved 1048576K
}
Event: 17.552 GC heap after
{Heap after GC invocations=20 (full 0):
 garbage-first heap   total 104448K, used 57781K [0x0000000080000000, 0x0000000100000000)
  region size 1024K, 1 young (1024K), 1 survivors (1024K)
 Metaspace       used 45461K, committed 45888K, reserved 1114112K
  class space    used 6024K, committed 6208K, reserved 1048576K
}
Event: 18.114 GC heap before
{Heap before GC invocations=20 (full 0):
 garbage-first heap   total 104448K, used 65973K [0x0000000080000000, 0x0000000100000000)
  region size 1024K, 10 young (10240K), 1 survivors (1024K)
 Metaspace       used 46182K, committed 46592K, reserved 1114112K
  class space    used 6144K, committed 6336K, reserved 1048576K
}
Event: 18.117 GC heap after
{Heap after GC invocations=21 (full 0):
 garbage-first heap   total 104448K, used 59112K [0x0000000080000000, 0x0000000100000000)
  region size 1024K, 2 young (2048K), 2 survivors (2048K)
 Metaspace       used 46182K, committed 46592K, reserved 1114112K
  class space    used 6144K, committed 6336K, reserved 1048576K
}

Dll operation events (2 events):
Event: 0.011 Loaded shared library F:\Android\jbr\bin\java.dll
Event: 1.951 Loaded shared library F:\Android\jbr\bin\verify.dll

Deoptimization events (20 events):
Event: 16.879 Thread 0x0000027a4d9dc290 DEOPT PACKING pc=0x0000027a3948382c sp=0x000000cf919f7b40
Event: 16.881 Thread 0x0000027a4d9dc290 DEOPT UNPACKING pc=0x0000027a38d6a1a3 sp=0x000000cf919f7ab8 mode 2
Event: 17.797 Thread 0x0000027a4d9dc290 DEOPT PACKING pc=0x0000027a31b69154 sp=0x000000cf919f93a0
Event: 17.797 Thread 0x0000027a4d9dc290 DEOPT UNPACKING pc=0x0000027a38d6ace3 sp=0x000000cf919f88f8 mode 0
Event: 18.252 Thread 0x0000027a4d9dc290 Uncommon trap: trap_request=0xffffff45 fr.pc=0x0000027a3941fb7c relative=0x000000000000405c
Event: 18.252 Thread 0x0000027a4d9dc290 Uncommon trap: reason=unstable_if action=reinterpret pc=0x0000027a3941fb7c method=java.lang.StringLatin1.regionMatchesCI([BI[BII)Z @ 72 c2
Event: 18.252 Thread 0x0000027a4d9dc290 DEOPT PACKING pc=0x0000027a3941fb7c sp=0x000000cf919f9340
Event: 18.252 Thread 0x0000027a4d9dc290 DEOPT UNPACKING pc=0x0000027a38d6a1a3 sp=0x000000cf919f90f8 mode 2
Event: 18.252 Thread 0x0000027a4d9dc290 Uncommon trap: trap_request=0xffffff45 fr.pc=0x0000027a3938eb8c relative=0x000000000000064c
Event: 18.252 Thread 0x0000027a4d9dc290 Uncommon trap: reason=unstable_if action=reinterpret pc=0x0000027a3938eb8c method=java.lang.StringLatin1.regionMatchesCI([BI[BII)Z @ 72 c2
Event: 18.252 Thread 0x0000027a4d9dc290 DEOPT PACKING pc=0x0000027a3938eb8c sp=0x000000cf919f91c0
Event: 18.252 Thread 0x0000027a4d9dc290 DEOPT UNPACKING pc=0x0000027a38d6a1a3 sp=0x000000cf919f9088 mode 2
Event: 18.317 Thread 0x0000027a4d9dc290 Uncommon trap: trap_request=0xffffff45 fr.pc=0x0000027a3951c1a0 relative=0x0000000000000ba0
Event: 18.317 Thread 0x0000027a4d9dc290 Uncommon trap: reason=unstable_if action=reinterpret pc=0x0000027a3951c1a0 method=java.lang.ClassLoader.checkCerts(Ljava/lang/String;Ljava/security/CodeSource;)V @ 30 c2
Event: 18.317 Thread 0x0000027a4d9dc290 DEOPT PACKING pc=0x0000027a3951c1a0 sp=0x000000cf919f8750
Event: 18.317 Thread 0x0000027a4d9dc290 DEOPT UNPACKING pc=0x0000027a38d6a1a3 sp=0x000000cf919f8670 mode 2
Event: 18.317 Thread 0x0000027a4d9dc290 Uncommon trap: trap_request=0xffffff45 fr.pc=0x0000027a394ec088 relative=0x0000000000001448
Event: 18.317 Thread 0x0000027a4d9dc290 Uncommon trap: reason=unstable_if action=reinterpret pc=0x0000027a394ec088 method=java.lang.ClassLoader.postDefineClass(Ljava/lang/Class;Ljava/security/ProtectionDomain;)V @ 17 c2
Event: 18.317 Thread 0x0000027a4d9dc290 DEOPT PACKING pc=0x0000027a394ec088 sp=0x000000cf919f86e0
Event: 18.317 Thread 0x0000027a4d9dc290 DEOPT UNPACKING pc=0x0000027a38d6a1a3 sp=0x000000cf919f86e8 mode 2

Classes unloaded (0 events):
No events

Classes redefined (0 events):
No events

Internal exceptions (20 events):
Event: 18.349 Thread 0x0000027a4d9dc290 Exception <a 'java/lang/ClassNotFoundException'{0x0000000086396848}: org/gradle/internal/extensibility/DefaultConventionBeanInfo> (0x0000000086396848) 
thrown [s\src\hotspot\share\classfile\systemDictionary.cpp, line 256]
Event: 18.350 Thread 0x0000027a4d9dc290 Exception <a 'java/lang/ClassNotFoundException'{0x00000000863ab408}: org/gradle/internal/extensibility/DefaultConventionCustomizer> (0x00000000863ab408) 
thrown [s\src\hotspot\share\classfile\systemDictionary.cpp, line 256]
Event: 18.358 Thread 0x0000027a4d9dc290 Exception <a 'java/lang/ClassNotFoundException'{0x00000000863f31a8}: org/gradle/util/GradleVersionBeanInfo> (0x00000000863f31a8) 
thrown [s\src\hotspot\share\classfile\systemDictionary.cpp, line 256]
Event: 18.358 Thread 0x0000027a4d9dc290 Exception <a 'java/lang/ClassNotFoundException'{0x0000000086207358}: org/gradle/util/GradleVersionCustomizer> (0x0000000086207358) 
thrown [s\src\hotspot\share\classfile\systemDictionary.cpp, line 256]
Event: 18.363 Thread 0x0000027a4d9dc290 Exception <a 'java/lang/ClassNotFoundException'{0x0000000086244538}: org/gradle/util/internal/DefaultGradleVersionBeanInfo> (0x0000000086244538) 
thrown [s\src\hotspot\share\classfile\systemDictionary.cpp, line 256]
Event: 18.363 Thread 0x0000027a4d9dc290 Exception <a 'java/lang/ClassNotFoundException'{0x0000000086258ef8}: org/gradle/util/internal/DefaultGradleVersionCustomizer> (0x0000000086258ef8) 
thrown [s\src\hotspot\share\classfile\systemDictionary.cpp, line 256]
Event: 18.381 Thread 0x0000027a4d9dc290 Exception <a 'java/lang/ClassNotFoundException'{0x00000000862b4920}: org/jetbrains/plugins/gradle/tooling/internal/ExtraModelBuilderBeanInfo> (0x00000000862b4920) 
thrown [s\src\hotspot\share\classfile\systemDictionary.cpp, line 256]
Event: 18.382 Thread 0x0000027a4d9dc290 Exception <a 'java/lang/ClassNotFoundException'{0x00000000862beb30}: org/jetbrains/plugins/gradle/tooling/internal/ExtraModelBuilderCustomizer> (0x00000000862beb30) 
thrown [s\src\hotspot\share\classfile\systemDictionary.cpp, line 256]
Event: 18.390 Thread 0x0000027a4d9dc290 Exception <a 'java/lang/ClassNotFoundException'{0x00000000861e6280}: java/lang/StringBeanInfo> (0x00000000861e6280) 
thrown [s\src\hotspot\share\classfile\systemDictionary.cpp, line 256]
Event: 18.390 Thread 0x0000027a4d9dc290 Exception <a 'java/lang/ClassNotFoundException'{0x00000000861eec00}: java/lang/StringCustomizer> (0x00000000861eec00) 
thrown [s\src\hotspot\share\classfile\systemDictionary.cpp, line 256]
Event: 18.405 Thread 0x0000027a4d9dc290 Exception <a 'java/lang/ClassNotFoundException'{0x0000000086064a78}: org/gradle/internal/classloader/VisitableURLClassLoaderBeanInfo> (0x0000000086064a78) 
thrown [s\src\hotspot\share\classfile\systemDictionary.cpp, line 256]
Event: 18.405 Thread 0x0000027a4d9dc290 Exception <a 'java/lang/ClassNotFoundException'{0x000000008606cd98}: java/net/URLClassLoaderBeanInfo> (0x000000008606cd98) 
thrown [s\src\hotspot\share\classfile\systemDictionary.cpp, line 256]
Event: 18.405 Thread 0x0000027a4d9dc290 Exception <a 'java/lang/ClassNotFoundException'{0x00000000860753b0}: java/security/SecureClassLoaderBeanInfo> (0x00000000860753b0) 
thrown [s\src\hotspot\share\classfile\systemDictionary.cpp, line 256]
Event: 18.406 Thread 0x0000027a4d9dc290 Exception <a 'java/lang/ClassNotFoundException'{0x000000008607d978}: java/lang/ClassLoaderBeanInfo> (0x000000008607d978) 
thrown [s\src\hotspot\share\classfile\systemDictionary.cpp, line 256]
Event: 18.406 Thread 0x0000027a4d9dc290 Exception <a 'java/lang/ClassNotFoundException'{0x0000000086086180}: java/lang/ClassLoaderCustomizer> (0x0000000086086180) 
thrown [s\src\hotspot\share\classfile\systemDictionary.cpp, line 256]
Event: 18.408 Thread 0x0000027a4d9dc290 Exception <a 'java/lang/ClassNotFoundException'{0x000000008609ba18}: java/security/SecureClassLoaderCustomizer> (0x000000008609ba18) 
thrown [s\src\hotspot\share\classfile\systemDictionary.cpp, line 256]
Event: 18.409 Thread 0x0000027a4d9dc290 Exception <a 'java/lang/ClassNotFoundException'{0x00000000860a6260}: java/net/URLClassLoaderCustomizer> (0x00000000860a6260) 
thrown [s\src\hotspot\share\classfile\systemDictionary.cpp, line 256]
Event: 18.411 Thread 0x0000027a4d9dc290 Exception <a 'java/lang/ClassNotFoundException'{0x00000000860c0ba0}: org/gradle/internal/classloader/VisitableURLClassLoaderCustomizer> (0x00000000860c0ba0) 
thrown [s\src\hotspot\share\classfile\systemDictionary.cpp, line 256]
Event: 18.420 Thread 0x0000027a4d9dc290 Exception <a 'java/lang/ClassNotFoundException'{0x00000000860f6f38}: org/jetbrains/plugins/gradle/tooling/internal/ExtraModelBuilder$ForGradle44BeanInfo> (0x00000000860f6f38) 
thrown [s\src\hotspot\share\classfile\systemDictionary.cpp, line 256]
Event: 18.421 Thread 0x0000027a4d9dc290 Exception <a 'java/lang/ClassNotFoundException'{0x0000000085f026d8}: org/jetbrains/plugins/gradle/tooling/internal/ExtraModelBuilder$ForGradle44Customizer> (0x0000000085f026d8) 
thrown [s\src\hotspot\share\classfile\systemDictionary.cpp, line 256]

VM Operations (20 events):
Event: 16.275 Executing VM operation: G1Concurrent
Event: 16.275 Executing VM operation: G1Concurrent done
Event: 16.740 Executing VM operation: HandshakeAllThreads
Event: 16.740 Executing VM operation: HandshakeAllThreads done
Event: 16.847 Executing VM operation: HandshakeAllThreads
Event: 16.847 Executing VM operation: HandshakeAllThreads done
Event: 16.848 Executing VM operation: HandshakeAllThreads
Event: 16.849 Executing VM operation: HandshakeAllThreads done
Event: 17.450 Executing VM operation: G1CollectForAllocation
Event: 17.456 Executing VM operation: G1CollectForAllocation done
Event: 17.548 Executing VM operation: G1CollectForAllocation
Event: 17.552 Executing VM operation: G1CollectForAllocation done
Event: 18.114 Executing VM operation: G1TryInitiateConcMark
Event: 18.117 Executing VM operation: G1TryInitiateConcMark done
Event: 18.149 Executing VM operation: G1Concurrent
Event: 18.152 Executing VM operation: G1Concurrent done
Event: 18.166 Executing VM operation: G1Concurrent
Event: 18.166 Executing VM operation: G1Concurrent done
Event: 18.330 Executing VM operation: HandshakeAllThreads
Event: 18.331 Executing VM operation: HandshakeAllThreads done

Events (20 events):
Event: 18.405 loading class java/security/SecureClassLoaderBeanInfo
Event: 18.405 loading class java/security/SecureClassLoaderBeanInfo done
Event: 18.405 loading class java/security/SecureClassLoaderBeanInfo
Event: 18.405 loading class java/security/SecureClassLoaderBeanInfo done
Event: 18.406 loading class java/lang/ClassLoaderBeanInfo
Event: 18.406 loading class java/lang/ClassLoaderBeanInfo done
Event: 18.406 loading class java/lang/ClassLoaderBeanInfo
Event: 18.406 loading class java/lang/ClassLoaderBeanInfo done
Event: 18.406 loading class java/lang/ClassLoaderCustomizer
Event: 18.406 loading class java/lang/ClassLoaderCustomizer done
Event: 18.406 loading class java/lang/ClassLoaderCustomizer
Event: 18.406 loading class java/lang/ClassLoaderCustomizer done
Event: 18.408 loading class java/security/SecureClassLoaderCustomizer
Event: 18.408 loading class java/security/SecureClassLoaderCustomizer done
Event: 18.408 loading class java/security/SecureClassLoaderCustomizer
Event: 18.408 loading class java/security/SecureClassLoaderCustomizer done
Event: 18.409 loading class java/net/URLClassLoaderCustomizer
Event: 18.409 loading class java/net/URLClassLoaderCustomizer done
Event: 18.409 loading class java/net/URLClassLoaderCustomizer
Event: 18.409 loading class java/net/URLClassLoaderCustomizer done


Dynamic libraries:
0x00007ff656a00000 - 0x00007ff656a0a000 	F:\Android\jbr\bin\java.exe
0x00007ffd34ab0000 - 0x00007ffd34cc7000 	C:\Windows\SYSTEM32\ntdll.dll
0x00007ffd34370000 - 0x00007ffd34434000 	C:\Windows\System32\KERNEL32.DLL
0x00007ffd31e50000 - 0x00007ffd321f6000 	C:\Windows\System32\KERNELBASE.dll
0x00007ffd32270000 - 0x00007ffd32381000 	C:\Windows\System32\ucrtbase.dll
0x00007ffd2eca0000 - 0x00007ffd2ecb7000 	F:\Android\jbr\bin\jli.dll
0x00007ffd28f10000 - 0x00007ffd28f2b000 	F:\Android\jbr\bin\VCRUNTIME140.dll
0x00007ffd32cb0000 - 0x00007ffd32e5e000 	C:\Windows\System32\USER32.dll
0x00007ffd31e20000 - 0x00007ffd31e46000 	C:\Windows\System32\win32u.dll
0x00007ffd1b320000 - 0x00007ffd1b5b3000 	C:\Windows\WinSxS\amd64_microsoft.windows.common-controls_6595b64144ccf1df_6.0.22621.2506_none_270c5ae97388e100\COMCTL32.dll
0x00007ffd32880000 - 0x00007ffd328a9000 	C:\Windows\System32\GDI32.dll
0x00007ffd33e80000 - 0x00007ffd33f27000 	C:\Windows\System32\msvcrt.dll
0x00007ffd324d0000 - 0x00007ffd325e8000 	C:\Windows\System32\gdi32full.dll
0x00007ffd32760000 - 0x00007ffd327fa000 	C:\Windows\System32\msvcp_win.dll
0x00007ffd34330000 - 0x00007ffd34361000 	C:\Windows\System32\IMM32.DLL
0x00007ffd2f660000 - 0x00007ffd2f66c000 	F:\Android\jbr\bin\vcruntime140_1.dll
0x00007ffd209b0000 - 0x00007ffd20a3d000 	F:\Android\jbr\bin\msvcp140.dll
0x00007ffced9a0000 - 0x00007ffcee620000 	F:\Android\jbr\bin\server\jvm.dll
0x00007ffd32bf0000 - 0x00007ffd32ca1000 	C:\Windows\System32\ADVAPI32.dll
0x00007ffd328b0000 - 0x00007ffd32955000 	C:\Windows\System32\sechost.dll
0x00007ffd33500000 - 0x00007ffd33617000 	C:\Windows\System32\RPCRT4.dll
0x00007ffd29f70000 - 0x00007ffd29f79000 	C:\Windows\SYSTEM32\WSOCK32.dll
0x00007ffd32800000 - 0x00007ffd32871000 	C:\Windows\System32\WS2_32.dll
0x00007ffd29060000 - 0x00007ffd29094000 	C:\Windows\SYSTEM32\WINMM.dll
0x00007ffd2f480000 - 0x00007ffd2f48a000 	C:\Windows\SYSTEM32\VERSION.dll
0x00007ffd30df0000 - 0x00007ffd30e08000 	C:\Windows\SYSTEM32\kernel.appcore.dll
0x00007ffd2f3e0000 - 0x00007ffd2f3ea000 	F:\Android\jbr\bin\jimage.dll
0x00007ffd2cb90000 - 0x00007ffd2cdc3000 	C:\Windows\SYSTEM32\DBGHELP.DLL
0x00007ffd33fa0000 - 0x00007ffd34329000 	C:\Windows\System32\combase.dll
0x00007ffd32e60000 - 0x00007ffd32f37000 	C:\Windows\System32\OLEAUT32.dll
0x00007ffd0f130000 - 0x00007ffd0f162000 	C:\Windows\SYSTEM32\dbgcore.DLL
0x00007ffd32450000 - 0x00007ffd324ca000 	C:\Windows\System32\bcryptPrimitives.dll
0x00007ffd28ee0000 - 0x00007ffd28f05000 	F:\Android\jbr\bin\java.dll
0x00007ffd28ec0000 - 0x00007ffd28ed8000 	F:\Android\jbr\bin\zip.dll
0x00007ffd33620000 - 0x00007ffd33e7a000 	C:\Windows\System32\SHELL32.dll
0x00007ffd2fcf0000 - 0x00007ffd305e6000 	C:\Windows\SYSTEM32\windows.storage.dll
0x00007ffd2fbb0000 - 0x00007ffd2fcee000 	C:\Windows\SYSTEM32\wintypes.dll
0x00007ffd32f70000 - 0x00007ffd33063000 	C:\Windows\System32\SHCORE.dll
0x00007ffd32b90000 - 0x00007ffd32bee000 	C:\Windows\System32\shlwapi.dll
0x00007ffd31d50000 - 0x00007ffd31d76000 	C:\Windows\SYSTEM32\profapi.dll
0x00007ffd20990000 - 0x00007ffd209a9000 	F:\Android\jbr\bin\net.dll
0x00007ffd2a380000 - 0x00007ffd2a4b7000 	C:\Windows\SYSTEM32\WINHTTP.dll
0x00007ffd312a0000 - 0x00007ffd31309000 	C:\Windows\system32\mswsock.dll
0x00007ffd20910000 - 0x00007ffd20926000 	F:\Android\jbr\bin\nio.dll
0x00007ffd2eee0000 - 0x00007ffd2eef0000 	F:\Android\jbr\bin\verify.dll
0x00007ffd20930000 - 0x00007ffd20957000 	C:\Users\pintu\.gradle\native\68d5fa5c4cc2d200863cafc0d521ce42e7d3e7ee720ec0a83991735586a16f82\windows-amd64\native-platform.dll
0x00007ffcfbde0000 - 0x00007ffcfbf24000 	C:\Users\pintu\.gradle\native\e376f236ea51e6404a007f0833ffe2c6e607c4080706a723a18a27aeea778392\windows-amd64\native-platform-file-events.dll
0x00007ffd29ff0000 - 0x00007ffd29ff9000 	F:\Android\jbr\bin\management.dll
0x00007ffd29fc0000 - 0x00007ffd29fcb000 	F:\Android\jbr\bin\management_ext.dll
0x00007ffd32960000 - 0x00007ffd32968000 	C:\Windows\System32\PSAPI.DLL
0x00007ffd314f0000 - 0x00007ffd3150b000 	C:\Windows\SYSTEM32\CRYPTSP.dll
0x00007ffd30d50000 - 0x00007ffd30d85000 	C:\Windows\system32\rsaenh.dll
0x00007ffd31390000 - 0x00007ffd313bc000 	C:\Windows\SYSTEM32\USERENV.dll
0x00007ffd316e0000 - 0x00007ffd31708000 	C:\Windows\SYSTEM32\bcrypt.dll
0x00007ffd31510000 - 0x00007ffd3151c000 	C:\Windows\SYSTEM32\CRYPTBASE.dll
0x00007ffd30840000 - 0x00007ffd3086d000 	C:\Windows\SYSTEM32\IPHLPAPI.DLL
0x00007ffd32f60000 - 0x00007ffd32f69000 	C:\Windows\System32\NSI.dll
0x00007ffd2ab30000 - 0x00007ffd2ab49000 	C:\Windows\SYSTEM32\dhcpcsvc6.DLL
0x00007ffd290a0000 - 0x00007ffd290bf000 	C:\Windows\SYSTEM32\dhcpcsvc.DLL
0x00007ffd30870000 - 0x00007ffd30969000 	C:\Windows\SYSTEM32\DNSAPI.dll
0x00007ffce43a0000 - 0x00007ffce43a8000 	C:\Windows\system32\wshunix.dll

dbghelp: loaded successfully - version: 4.0.5 - missing functions: none
symbol engine: initialized successfully - sym options: 0x614 - pdb path: .;F:\Android\jbr\bin;C:\Windows\SYSTEM32;C:\Windows\WinSxS\amd64_microsoft.windows.common-controls_6595b64144ccf1df_6.0.22621.2506_none_270c5ae97388e100;F:\Android\jbr\bin\server;C:\Users\pintu\.gradle\native\68d5fa5c4cc2d200863cafc0d521ce42e7d3e7ee720ec0a83991735586a16f82\windows-amd64;C:\Users\pintu\.gradle\native\e376f236ea51e6404a007f0833ffe2c6e607c4080706a723a18a27aeea778392\windows-amd64

VM Arguments:
jvm_args: --add-opens=java.base/java.util=ALL-UNNAMED --add-opens=java.base/java.lang=ALL-UNNAMED --add-opens=java.base/java.lang.invoke=ALL-UNNAMED --add-opens=java.prefs/java.util.prefs=ALL-UNNAMED --add-opens=java.base/java.nio.charset=ALL-UNNAMED --add-opens=java.base/java.net=ALL-UNNAMED --add-opens=java.base/java.util.concurrent.atomic=ALL-UNNAMED -Xmx2048m -Dfile.encoding=UTF-8 -Duser.country=IN -Duser.language=en -Duser.variant 
java_command: org.gradle.launcher.daemon.bootstrap.GradleDaemon 8.0
java_class_path (initial): C:\Users\pintu\.gradle\wrapper\dists\gradle-8.0-bin\ca5e32bp14vu59qr306oxotwh\gradle-8.0\lib\gradle-launcher-8.0.jar
Launcher Type: SUN_STANDARD

[Global flags]
     intx CICompilerCount                          = 4                                         {product} {ergonomic}
     uint ConcGCThreads                            = 2                                         {product} {ergonomic}
     uint G1ConcRefinementThreads                  = 8                                         {product} {ergonomic}
   size_t G1HeapRegionSize                         = 1048576                                   {product} {ergonomic}
    uintx GCDrainStackTargetSize                   = 64                                        {product} {ergonomic}
   size_t InitialHeapSize                          = 130023424                                 {product} {ergonomic}
   size_t MarkStackSize                            = 4194304                                   {product} {ergonomic}
   size_t MaxHeapSize                              = 2147483648                                {product} {command line}
   size_t MaxNewSize                               = 1287651328                                {product} {ergonomic}
   size_t MinHeapDeltaBytes                        = 1048576                                   {product} {ergonomic}
   size_t MinHeapSize                              = 8388608                                   {product} {ergonomic}
    uintx NonNMethodCodeHeapSize                   = 5839372                                {pd product} {ergonomic}
    uintx NonProfiledCodeHeapSize                  = 122909434                              {pd product} {ergonomic}
    uintx ProfiledCodeHeapSize                     = 122909434                              {pd product} {ergonomic}
    uintx ReservedCodeCacheSize                    = 251658240                              {pd product} {ergonomic}
     bool SegmentedCodeCache                       = true                                      {product} {ergonomic}
   size_t SoftMaxHeapSize                          = 2147483648                             {manageable} {ergonomic}
     bool UseCompressedClassPointers               = true                           {product lp64_product} {ergonomic}
     bool UseCompressedOops                        = true                           {product lp64_product} {ergonomic}
     bool UseG1GC                                  = true                                      {product} {ergonomic}
     bool UseLargePagesIndividualAllocation        = false                                  {pd product} {ergonomic}

Logging:
Log output configuration:
 #0: stdout all=warning uptime,level,tags
 #1: stderr all=off uptime,level,tags

Environment Variables:
PATH=C:\Program Files\Common Files\Oracle\Java\javapath;C:\Windows\system32;C:\Windows;C:\Windows\System32\Wbem;C:\Windows\System32\WindowsPowerShell\v1.0\;C:\Windows\System32\OpenSSH\;C:\Program Files\dotnet\;D:\Program Files\Git\cmd;D:\MAIN DOWNLOAD\;D:\Downloads\DOWNLOAD;C:\Users\pintu\AppData\Local\Microsoft\WindowsApps;C:\Users\pintu\AppData\Local\Programs\Microsoft VS Code\bin;C:\Users\pintu\AppData\Roaming\npm;D:\Downloads\DOWNLOAD;
USERNAME=pintu
OS=Windows_NT
PROCESSOR_IDENTIFIER=Intel64 Family 6 Model 140 Stepping 1, GenuineIntel
TMP=C:\Users\pintu\AppData\Local\Temp
TEMP=C:\Users\pintu\AppData\Local\Temp


JNI global refs:
JNI global refs: 26, weak refs: 1

JNI global refs memory usage: 843, weak refs: 841

OOME stack traces (most recent first):
Classloader memory used:
Loader org.gradle.internal.classloader.VisitableURLClassLoader                         : 2834K
Loader bootstrap                                                                       : 2355K
Loader org.gradle.initialization.MixInLegacyTypesClassLoader                           : 666K
Loader org.gradle.internal.classloader.VisitableURLClassLoader                         : 125K
Loader jdk.internal.loader.ClassLoaders$PlatformClassLoader                            : 66692B
Loader jdk.internal.loader.ClassLoaders$AppClassLoader                                 : 26050B
Loader jdk.internal.reflect.DelegatingClassLoader                                      : 25040B
Loader org.gradle.groovy.scripts.internal.DefaultScriptCompilationHandler$ScriptClassLoader: 11560B
Loader org.codehaus.groovy.runtime.callsite.CallSiteClassLoader                        : 6353B

Classes loaded by more than one classloader:
Class org.gradle.api.GradleException                                                  : loaded 3 times (x 80B)
Class org.gradle.util.GradleVersion                                                   : loaded 2 times (x 81B)
Class org.jetbrains.plugins.gradle.model.MavenRepositoryModel                         : loaded 2 times (x 68B)
Class org.gradle.internal.classpath.ClassPath                                         : loaded 2 times (x 68B)
Class org.gradle.api.internal.classpath.DefaultModuleRegistry                         : loaded 2 times (x 84B)
Class com.intellij.openapi.externalSystem.model.ExternalSystemException               : loaded 2 times (x 84B)
Class org.gradle.api.Action                                                           : loaded 2 times (x 68B)
Class org.jetbrains.plugins.gradle.model.ExternalProject                              : loaded 2 times (x 68B)
Class org.gradle.api.internal.DefaultClassPathProvider                                : loaded 2 times (x 74B)
Class org.gradle.internal.installation.GradleInstallation$1                           : loaded 2 times (x 73B)
Class org.gradle.internal.exceptions.DefaultMultiCauseException                       : loaded 2 times (x 85B)
Class org.gradle.internal.time.MonotonicClock                                         : loaded 2 times (x 75B)
Class org.gradle.internal.classloader.FilteringClassLoader                            : loaded 2 times (x 102B)
Class org.gradle.tooling.model.Model                                                  : loaded 2 times (x 68B)
Class org.gradle.internal.classpath.DefaultClassPath$ImmutableUniqueList$Builder      : loaded 2 times (x 73B)
Class org.gradle.internal.classloader.ClassLoaderVisitor                              : loaded 2 times (x 74B)
Class org.gradle.internal.time.DefaultCountdownTimer                                  : loaded 2 times (x 86B)
Class org.gradle.internal.service.DefaultServiceLocator                               : loaded 2 times (x 81B)
Class org.gradle.internal.service.UnknownServiceException                             : loaded 2 times (x 81B)
Class org.gradle.internal.classloader.DefaultClassLoaderFactory                       : loaded 2 times (x 80B)
Class org.gradle.internal.classloader.VisitableURLClassLoader$Spec                    : loaded 2 times (x 72B)
Class org.gradle.tooling.model.ProjectModel                                           : loaded 2 times (x 68B)
Class org.gradle.internal.installation.GradleInstallation                             : loaded 2 times (x 73B)
Class org.gradle.api.internal.classpath.ModuleRegistry                                : loaded 2 times (x 68B)
Class org.jetbrains.plugins.gradle.model.RepositoriesModel                            : loaded 2 times (x 68B)
Class kotlin.jvm.internal.markers.KMappedMarker                                       : loaded 2 times (x 68B)
Class org.gradle.api.internal.ClassPathProvider                                       : loaded 2 times (x 68B)
Class org.gradle.internal.classloader.ClasspathUtil$1                                 : loaded 2 times (x 74B)
Class org.gradle.internal.classloader.ClassLoaderFactory                              : loaded 2 times (x 68B)
Class org.gradle.api.internal.classpath.ManifestUtil                                  : loaded 2 times (x 69B)
Class org.gradle.api.specs.Spec                                                       : loaded 2 times (x 68B)
Class org.gradle.internal.IoActions                                                   : loaded 2 times (x 69B)
Class ijinit1_361n2cfmqlzfzx0ikgi3fyrfr                                               : loaded 2 times (x 177B)
Class org.gradle.api.internal.classpath.EffectiveClassPath                            : loaded 2 times (x 88B)
Class org.gradle.internal.installation.CurrentGradleInstallation                      : loaded 2 times (x 71B)
Class org.gradle.internal.installation.CurrentGradleInstallationLocator               : loaded 2 times (x 69B)
Class org.gradle.api.internal.classpath.Module                                        : loaded 2 times (x 68B)
Class org.gradle.internal.service.CachingServiceLocator                               : loaded 2 times (x 80B)
Class org.gradle.internal.time.Timer                                                  : loaded 2 times (x 68B)
Class org.gradle.internal.classpath.DefaultClassPath                                  : loaded 2 times (x 88B)
Class org.gradle.internal.time.Time                                                   : loaded 2 times (x 69B)
Class org.gradle.internal.time.TimeSource$1                                           : loaded 2 times (x 75B)
Class org.gradle.internal.classloader.SystemClassLoaderSpec                           : loaded 2 times (x 69B)
Class kotlin.Function                                                                 : loaded 2 times (x 68B)
Class org.gradle.api.UncheckedIOException                                             : loaded 2 times (x 80B)
Class org.gradle.internal.time.CountdownTimer                                         : loaded 2 times (x 68B)
Class org.gradle.internal.time.Clock                                                  : loaded 2 times (x 68B)
Class org.gradle.internal.classloader.ClasspathUtil                                   : loaded 2 times (x 69B)
Class org.gradle.api.internal.DefaultClassPathRegistry                                : loaded 2 times (x 74B)
Class org.gradle.api.internal.classpath.DefaultModuleRegistry$DefaultModule           : loaded 2 times (x 84B)
Class org.gradle.internal.time.TimeSource                                             : loaded 2 times (x 68B)
Class org.gradle.api.internal.classpath.UnknownModuleException                        : loaded 2 times (x 80B)
Class org.gradle.internal.service.ServiceLookupException                              : loaded 2 times (x 80B)
Class org.gradle.cache.GlobalCache                                                    : loaded 2 times (x 68B)
Class [Lorg.gradle.api.internal.ClassPathProvider;                                    : loaded 2 times (x 67B)
Class org.gradle.internal.operations.MultipleBuildOperationFailures                   : loaded 2 times (x 85B)
Class org.gradle.util.internal.GUtil                                                  : loaded 2 times (x 69B)
Class sync_studio_tooling11_94t3yru05h5xnp9ose9agcxdf                                 : loaded 2 times (x 177B)
Class org.gradle.internal.classloader.ClassLoaderSpec                                 : loaded 2 times (x 69B)
Class org.gradle.internal.classloader.VisitableURLClassLoader                         : loaded 2 times (x 114B)
Class sync_studio_tooling11_94t3yru05h5xnp9ose9agcxdf$_run_closure1                   : loaded 2 times (x 134B)
Class org.gradle.internal.Cast                                                        : loaded 2 times (x 69B)
Class org.gradle.api.internal.ClassPathRegistry                                       : loaded 2 times (x 68B)
Class org.gradle.internal.classloader.ClassLoaderHierarchy                            : loaded 2 times (x 68B)
Class org.gradle.internal.exceptions.MultiCauseException                              : loaded 2 times (x 68B)
Class org.gradle.internal.InternalTransformer                                         : loaded 2 times (x 68B)
Class org.gradle.internal.service.ServiceLocator                                      : loaded 2 times (x 68B)
Class org.gradle.internal.classpath.DefaultClassPath$ImmutableUniqueList              : loaded 2 times (x 159B)
Class org.gradle.internal.time.DefaultTimer                                           : loaded 2 times (x 78B)


---------------  S Y S T E M  ---------------

OS:
 Windows 11 , 64 bit Build 22621 (10.0.22621.2506)
OS uptime: 0 days 15:25 hours
Hyper-V role detected

CPU: total 8 (initial active 8) (4 cores per cpu, 2 threads per core) family 6 model 140 stepping 1 microcode 0xb4, cx8, cmov, fxsr, ht, mmx, 3dnowpref, sse, sse2, sse3, ssse3, sse4.1, sse4.2, popcnt, lzcnt, tsc, tscinvbit, avx, avx2, aes, erms, clmul, bmi1, bmi2, adx, avx512f, avx512dq, avx512cd, avx512bw, avx512vl, sha, fma, vzeroupper, avx512_vpopcntdq, avx512_vpclmulqdq, avx512_vaes, avx512_vnni, clflush, clflushopt, clwb, avx512_vbmi2, avx512_vbmi, hv

Memory: 4k page, system-wide physical 7926M (797M free)
TotalPageFile size 32502M (AvailPageFile size 3M)
current process WorkingSet (physical memory assigned to process): 231M, peak: 231M
current process commit charge ("private bytes"): 296M, peak: 297M

vm_info: OpenJDK 64-Bit Server VM (17.0.7+0-b2043.56-10550314) for windows-amd64 JRE (17.0.7+0-b2043.56-10550314), built on Jul 24 2023 18:27:45 by "androidbuild" with MS VC++ 16.10 / 16.11 (VS2019)

END.
